[2026-04-12 18:01:10] _run_engine: database is locked
Traceback (most recent call last):
  File "C:\Users\Dhruv Tilva\Desktop\swarm\ui\dashboard.py", line 395, in _run_engine
    await self._engine.run()
  File "C:\Users\Dhruv Tilva\Desktop\swarm\core\build_engine.py", line 199, in run
    await self._init_persistence_tables()
  File "C:\Users\Dhruv Tilva\Desktop\swarm\core\build_engine.py", line 967, in _init_persistence_tables
    await self._db.execute(
  File "C:\Users\Dhruv Tilva\AppData\Local\Programs\Python\Python39\lib\site-packages\aiosqlite\core.py", line 193, in execute
    cursor = await self._execute(self._conn.execute, sql, parameters)
  File "C:\Users\Dhruv Tilva\AppData\Local\Programs\Python\Python39\lib\site-packages\aiosqlite\core.py", line 132, in _execute
    return await future
  File "C:\Users\Dhruv Tilva\AppData\Local\Programs\Python\Python39\lib\site-packages\aiosqlite\core.py", line 115, in run
    result = function()
sqlite3.OperationalError: database is locked

[2026-04-20 19:17:52] _run_engine: 'FileWriter' object has no attribute 'validate_imports'
Traceback (most recent call last):
  File "C:\Users\Dhruv Tilva\Desktop\swarm\ui\dashboard.py", line 395, in _run_engine
    await self._engine.run()
  File "C:\Users\Dhruv Tilva\Desktop\swarm\core\build_engine.py", line 220, in run
    await self.run_phase(phase)
  File "C:\Users\Dhruv Tilva\Desktop\swarm\core\build_engine.py", line 278, in run_phase
    await self._run_implementation_phase()
  File "C:\Users\Dhruv Tilva\Desktop\swarm\core\build_engine.py", line 419, in _run_implementation_phase
    await self._validate_generated_code()
  File "C:\Users\Dhruv Tilva\Desktop\swarm\core\build_engine.py", line 433, in _validate_generated_code
    repaired_files = self.writer.validate_imports(dict(self.state.all_generated_files))
AttributeError: 'FileWriter' object has no attribute 'validate_imports'

